Started GET "/" for 127.0.0.1 at 2018-05-09 13:19:12 -0700
Processing by Rails::WelcomeController#index as HTML
  Rendering /usr/local/lib/ruby/gems/2.5.0/gems/railties-5.2.0/lib/rails/templates/rails/welcome/index.html.erb
  Rendered /usr/local/lib/ruby/gems/2.5.0/gems/railties-5.2.0/lib/rails/templates/rails/welcome/index.html.erb (8.0ms)
Completed 200 OK in 43ms (Views: 31.7ms | ActiveRecord: 0.0ms)


Started GET "/new" for 127.0.0.1 at 2018-05-09 13:44:12 -0700
Processing by PredictController#new as HTML
  Rendering predict/new.html.erb within layouts/application
  Rendered predict/new.html.erb within layouts/application (2.1ms)
Completed 200 OK in 610ms (Views: 599.0ms | ActiveRecord: 0.0ms)


Started GET "/new" for 127.0.0.1 at 2018-05-09 16:17:45 -0700
Processing by PredictController#new as HTML
  Rendering predict/new.html.erb within layouts/application
  Rendered predict/new.html.erb within layouts/application (1.4ms)
Completed 200 OK in 866ms (Views: 856.4ms | ActiveRecord: 0.0ms)


Started POST "/score" for 127.0.0.1 at 2018-05-09 16:17:53 -0700
  
ActionController::RoutingError (No route matches [POST] "/score"):
  
actionpack (5.2.0) lib/action_dispatch/middleware/debug_exceptions.rb:65:in `call'
web-console (3.6.2) lib/web_console/middleware.rb:135:in `call_app'
web-console (3.6.2) lib/web_console/middleware.rb:30:in `block in call'
web-console (3.6.2) lib/web_console/middleware.rb:20:in `catch'
web-console (3.6.2) lib/web_console/middleware.rb:20:in `call'
actionpack (5.2.0) lib/action_dispatch/middleware/show_exceptions.rb:33:in `call'
railties (5.2.0) lib/rails/rack/logger.rb:38:in `call_app'
railties (5.2.0) lib/rails/rack/logger.rb:26:in `block in call'
activesupport (5.2.0) lib/active_support/tagged_logging.rb:71:in `block in tagged'
activesupport (5.2.0) lib/active_support/tagged_logging.rb:28:in `tagged'
activesupport (5.2.0) lib/active_support/tagged_logging.rb:71:in `tagged'
railties (5.2.0) lib/rails/rack/logger.rb:26:in `call'
sprockets-rails (3.2.1) lib/sprockets/rails/quiet_assets.rb:13:in `call'
actionpack (5.2.0) lib/action_dispatch/middleware/remote_ip.rb:81:in `call'
actionpack (5.2.0) lib/action_dispatch/middleware/request_id.rb:27:in `call'
rack (2.0.5) lib/rack/method_override.rb:22:in `call'
rack (2.0.5) lib/rack/runtime.rb:22:in `call'
activesupport (5.2.0) lib/active_support/cache/strategy/local_cache_middleware.rb:29:in `call'
actionpack (5.2.0) lib/action_dispatch/middleware/executor.rb:14:in `call'
actionpack (5.2.0) lib/action_dispatch/middleware/static.rb:127:in `call'
rack (2.0.5) lib/rack/sendfile.rb:111:in `call'
railties (5.2.0) lib/rails/engine.rb:524:in `call'
puma (3.11.4) lib/puma/configuration.rb:225:in `call'
puma (3.11.4) lib/puma/server.rb:632:in `handle_request'
puma (3.11.4) lib/puma/server.rb:446:in `process_client'
puma (3.11.4) lib/puma/server.rb:306:in `block in run'
puma (3.11.4) lib/puma/thread_pool.rb:120:in `block in spawn_thread'
Started GET "/new" for 127.0.0.1 at 2018-05-09 16:20:18 -0700
Processing by PredictController#new as HTML
  Rendering predict/new.html.erb within layouts/application
  Rendered predict/new.html.erb within layouts/application (0.6ms)
Completed 200 OK in 40ms (Views: 37.3ms | ActiveRecord: 0.0ms)


Started POST "/learn" for 127.0.0.1 at 2018-05-09 16:20:23 -0700
Processing by PredictController#learn as HTML
  Parameters: {"authenticity_token"=>"rkNSuYgfv5Xf+cCPvK6VeD07Lj6mCWMbwYEMV3NPNGyeBV2D86ZiBlUDlgAFrpfGmUGQWtSQZ65TWWYTNAz6Bw==", "ticker"=>"", "word"=>"AAPL"}
  Rendering predict/learn.html.erb within layouts/application
  Rendered predict/learn.html.erb within layouts/application (0.5ms)
Completed 200 OK in 4180ms (Views: 25.9ms | ActiveRecord: 0.0ms)


